<?xml version="1.0" encoding="UTF-8"?>
<!-- Generated by org.testng.reporters.JUnitXMLReporter -->
<testsuite ignored="0" hostname="DESKTOP-HN682IS" failures="0" tests="3" name="test-1" time="81.057" errors="0" timestamp="2023-03-10T19:50:56 IST">
  <testcase classname="com.OrangeHRM.test.OrangeHRM_Login" name="VerifyLoginurlTest" time="12.495"/>
  <testcase classname="com.OrangeHRM.test.OrangeHRM_Login" name="VerifyLogintextTest" time="12.353"/>
  <testcase classname="com.OrangeHRM.test.OrangeHRM_Login" name="logoVerifyTest" time="3.598"/>
</testsuite> <!-- test-1 -->
