<?xml version="1.0" encoding="UTF-8"?>
<!-- Generated by org.testng.reporters.JUnitXMLReporter -->
<testsuite ignored="0" hostname="DESKTOP-HN682IS" failures="0" tests="3" name="test-3" time="44.75" errors="0" timestamp="2023-03-10T10:34:05 IST">
  <testcase classname="com.OrangeHRM.test.OrangeHRM_Login" name="VerifyLoginurlTest" time="12.398"/>
  <testcase classname="com.OrangeHRM.test.OrangeHRM_Login" name="VerifyLogintextTest" time="10.612"/>
  <testcase classname="com.OrangeHRM.test.OrangeHRM_Login" name="logoVerifyTest" time="4.715"/>
</testsuite> <!-- test-3 -->
