<?xml version="1.0" encoding="UTF-8"?>
<!-- Generated by org.testng.reporters.JUnitXMLReporter -->
<testsuite ignored="0" hostname="DESKTOP-HN682IS" failures="0" tests="3" name="test-2" time="40.536" errors="0" timestamp="2023-03-10T10:33:20 IST">
  <testcase classname="com.OrangeHRM.test.OrangeHRM_Login" name="VerifyLoginurlTest" time="11.709"/>
  <testcase classname="com.OrangeHRM.test.OrangeHRM_Login" name="VerifyLogintextTest" time="10.529"/>
  <testcase classname="com.OrangeHRM.test.OrangeHRM_Login" name="logoVerifyTest" time="3.451"/>
</testsuite> <!-- test-2 -->
