<?xml version="1.0" encoding="UTF-8"?>
<!-- Generated by org.testng.reporters.JUnitReportReporter -->
<testsuite hostname="DESKTOP-HN682IS" failures="0" tests="3" name="com.OrangeHRM.test.OrangeHRM_Login" time="26.599" errors="0" timestamp="2023-03-10T18:29:18 IST" skipped="0">
  <testcase classname="com.OrangeHRM.test.OrangeHRM_Login" name="VerifyLoginurlTest" time="11.976"/>
  <system-out/>
  <testcase classname="com.OrangeHRM.test.OrangeHRM_Login" name="VerifyLogintextTest" time="11.100"/>
  <system-out/>
  <testcase classname="com.OrangeHRM.test.OrangeHRM_Login" name="logoVerifyTest" time="3.523"/>
  <system-out/>
</testsuite> <!-- com.OrangeHRM.test.OrangeHRM_Login -->
