<?xml version="1.0" encoding="UTF-8"?>
<!-- Generated by org.testng.reporters.JUnitReportReporter -->
<testsuite hostname="DESKTOP-HN682IS" failures="0" tests="3" name="com.OrangeHRM.test.OrangeHRM_Login" time="28.464" errors="0" timestamp="2023-03-10T19:50:56 IST" skipped="0">
  <testcase classname="com.OrangeHRM.test.OrangeHRM_Login" name="VerifyLoginurlTest" time="12.495"/>
  <testcase classname="com.OrangeHRM.test.OrangeHRM_Login" name="VerifyLogintextTest" time="12.354"/>
  <testcase classname="com.OrangeHRM.test.OrangeHRM_Login" name="logoVerifyTest" time="3.615"/>
</testsuite> <!-- com.OrangeHRM.test.OrangeHRM_Login -->
